<?xml version="1.0" encoding="UTF-8"?>
<!-- Generated by org.testng.reporters.JUnitReportReporter -->
<testsuite hostname="Sandeep" failures="0" tests="1" name="main.Data_entry_test" time="60.092" errors="0" timestamp="2024-07-30T11:33:55 IST" skipped="0">
  <testcase classname="main.Data_entry_test" name="login" time="60.092"/>
</testsuite> <!-- main.Data_entry_test -->
